<?xml version="1.0" encoding="UTF-8"?>
<!-- Generated by org.testng.reporters.JUnitXMLReporter -->
<testsuite ignored="0" hostname="SSI-SNIAZ-LP" failures="0" tests="4" name="Test" time="20.872" errors="0" timestamp="2024-08-27T01:17:08 PKT">
  <testcase classname="testCases.Tc001_SignUpTest" name="testSignUp" time="6.292"/>
  <testcase classname="testCases.Tc001_SignUpTest" name="testURL" time="0.022"/>
  <testcase classname="testCases.Tc002_SignUpTest_Validations" name="testSignUp" time="2.454"/>
  <testcase classname="testCases.Tc002_SignUpTest_Validations" name="testURL" time="0.018"/>
</testsuite> <!-- Test -->
