<?xml version="1.0" encoding="UTF-8"?>
<testsuite xmlns:xsi="http://www.w3.org/2001/XMLSchema-instance" xsi:noNamespaceSchemaLocation="https://maven.apache.org/surefire/maven-surefire-plugin/xsd/surefire-test-report.xsd" version="3.0.2" name="TestSuite" time="11.759" tests="2" errors="0" skipped="0" failures="0">
  <properties>
[...]
</properties>
  <testcase name="testSignUp" classname="testCases.Tc001_SignUpTest" time="5.829">
    <system-out><![CDATA[05:34:45.177 [main] DEBUG org.testng.TestNG - suiteXmlPath: "C:\Users\sniaz\eclipse-workspace\assignment\testsuit.xml"
Test execution is started...
test started...
]]></system-out>
  </testcase>
  <testcase name="testURL" classname="testCases.Tc001_SignUpTest" time="0.01">
    <system-out><![CDATA[Test execution is started...
test started...
]]></system-out>
  </testcase>
</testsuite>