<?xml version="1.0" encoding="UTF-8"?>
<testng-results ignored="0" total="2" passed="2" failed="0" skipped="0">
  <reporter-output>
  </reporter-output>
  <suite started-at="2024-08-26T05:34:45 PKT" name="Suite" finished-at="2024-08-26T05:34:56 PKT" duration-ms="11116">
    <groups>
      <group name="functional">
        <method signature="Tc001_SignUpTest.testSignUp()[pri:0, instance:testCases.Tc001_SignUpTest@2584b82d]" name="testSignUp" class="testCases.Tc001_SignUpTest"/>
      </group> <!-- functional -->
    </groups>
    <test started-at="2024-08-26T05:34:45 PKT" name="Test" finished-at="2024-08-26T05:34:56 PKT" duration-ms="11116">
      <class name="testCases.Tc001_SignUpTest">
        <test-method is-config="true" signature="setup()[pri:0, instance:testCases.Tc001_SignUpTest@2584b82d]" started-at="2024-08-26T05:34:45 PKT" name="setup" finished-at="2024-08-26T05:34:50 PKT" duration-ms="5049" status="PASS">
          <reporter-output>
          </reporter-output>
        </test-method> <!-- setup -->
        <test-method signature="testSignUp()[pri:0, instance:testCases.Tc001_SignUpTest@2584b82d]" started-at="2024-08-26T05:34:50 PKT" name="testSignUp" finished-at="2024-08-26T05:34:56 PKT" duration-ms="5832" status="PASS">
          <reporter-output>
          </reporter-output>
        </test-method> <!-- testSignUp -->
        <test-method signature="testURL()[pri:0, instance:testCases.Tc001_SignUpTest@2584b82d]" started-at="2024-08-26T05:34:56 PKT" name="testURL" finished-at="2024-08-26T05:34:56 PKT" duration-ms="9" status="PASS">
          <reporter-output>
          </reporter-output>
        </test-method> <!-- testURL -->
        <test-method is-config="true" signature="tearDown()[pri:0, instance:testCases.Tc001_SignUpTest@2584b82d]" started-at="2024-08-26T05:34:56 PKT" name="tearDown" finished-at="2024-08-26T05:34:56 PKT" duration-ms="173" status="PASS">
          <reporter-output>
          </reporter-output>
        </test-method> <!-- tearDown -->
      </class> <!-- testCases.Tc001_SignUpTest -->
    </test> <!-- Test -->
  </suite> <!-- Suite -->
</testng-results>
