<?xml version="1.0" encoding="UTF-8"?>
<testng-results ignored="0" total="2" passed="2" failed="0" skipped="0">
  <reporter-output>
  </reporter-output>
  <suite started-at="2024-08-27T01:33:21 PKT" name="Default suite" finished-at="2024-08-27T01:33:31 PKT" duration-ms="9750">
    <groups>
      <group name="functional">
        <method signature="Tc002_SignUpTest_Validations.testSignUp()[pri:0, instance:testCases.Tc002_SignUpTest_Validations@19b843ba]" name="testSignUp" class="testCases.Tc002_SignUpTest_Validations"/>
      </group> <!-- functional -->
    </groups>
    <test started-at="2024-08-27T01:33:21 PKT" name="Default test" finished-at="2024-08-27T01:33:31 PKT" duration-ms="9750">
      <class name="testCases.Tc002_SignUpTest_Validations">
        <test-method is-config="true" signature="setup()[pri:0, instance:testCases.Tc002_SignUpTest_Validations@19b843ba]" started-at="2024-08-27T01:33:21 PKT" name="setup" finished-at="2024-08-27T01:33:28 PKT" duration-ms="6689" status="PASS">
          <reporter-output>
          </reporter-output>
        </test-method> <!-- setup -->
        <test-method signature="testSignUp()[pri:0, instance:testCases.Tc002_SignUpTest_Validations@19b843ba]" started-at="2024-08-27T01:33:28 PKT" name="testSignUp" finished-at="2024-08-27T01:33:31 PKT" duration-ms="2627" status="PASS">
          <reporter-output>
          </reporter-output>
        </test-method> <!-- testSignUp -->
        <test-method signature="testURL()[pri:0, instance:testCases.Tc002_SignUpTest_Validations@19b843ba]" started-at="2024-08-27T01:33:31 PKT" name="testURL" finished-at="2024-08-27T01:33:31 PKT" duration-ms="48" status="PASS">
          <reporter-output>
          </reporter-output>
        </test-method> <!-- testURL -->
        <test-method is-config="true" signature="tearDown()[pri:0, instance:testCases.Tc002_SignUpTest_Validations@19b843ba]" started-at="2024-08-27T01:33:31 PKT" name="tearDown" finished-at="2024-08-27T01:33:31 PKT" duration-ms="276" status="PASS">
          <reporter-output>
          </reporter-output>
        </test-method> <!-- tearDown -->
      </class> <!-- testCases.Tc002_SignUpTest_Validations -->
    </test> <!-- Default test -->
  </suite> <!-- Default suite -->
</testng-results>
