<?xml version="1.0" encoding="UTF-8"?>
<!-- Generated by org.testng.reporters.JUnitXMLReporter -->
<testsuite ignored="0" hostname="SSI-SNIAZ-LP" failures="1" tests="1" name="groupintests" time="1.172" errors="0" timestamp="2024-08-26T02:15:19 PKT">
  <testcase classname="testCases.Tc001_SignUpTest" name="testSignUp" time="1.051">
    <failure type="java.lang.NullPointerException" message="Cannot invoke &amp;quot;org.openqa.selenium.WebDriver.findElement(org.openqa.selenium.By)&amp;quot; because &amp;quot;this.driver&amp;quot; is null">
      <![CDATA[java.lang.NullPointerException: Cannot invoke "org.openqa.selenium.WebDriver.findElement(org.openqa.selenium.By)" because "this.driver" is null
at pageObjects.PageObject_SignUp.acceptCookies(PageObject_SignUp.java:50)
at testCases.Tc001_SignUpTest.testSignUp(Tc001_SignUpTest.java:37)
at java.base/java.util.ArrayList.forEach(ArrayList.java:1597)
... Removed 25 stack frames]]>
    </failure>
  </testcase> <!-- testSignUp -->
</testsuite> <!-- groupintests -->
